[debug] [2023-01-21T22:05:31.115Z] ----------------------------------------------------------------------
[debug] [2023-01-21T22:05:31.116Z] Command:       D:\SoftwareProject\VSCodeFlutter\Mobile_Project\mobile_project\firebase-tools-instant-win.exe C:\Users\audit\.cache\firebase\tools\lib\node_modules\firebase-tools\lib\bin\firebase init
[debug] [2023-01-21T22:05:31.117Z] CLI Version:   11.18.0
[debug] [2023-01-21T22:05:31.117Z] Platform:      win32
[debug] [2023-01-21T22:05:31.117Z] Node Version:  v16.16.0
[debug] [2023-01-21T22:05:31.118Z] Time:          Sun Jan 22 2023 01:05:31 GMT+0300 (GMT+03:00)
[debug] [2023-01-21T22:05:31.118Z] ----------------------------------------------------------------------
[debug] 
[debug] [2023-01-21T22:05:31.127Z] >>> [apiv2][query] GET https://firebase-public.firebaseio.com/cli.json [none]
[debug] [2023-01-21T22:05:31.146Z] > command requires scopes: ["email","openid","https://www.googleapis.com/auth/cloudplatformprojects.readonly","https://www.googleapis.com/auth/firebase","https://www.googleapis.com/auth/cloud-platform"]
[debug] [2023-01-21T22:05:31.146Z] > authorizing via signed-in user (alikcy015@gmail.com)
[info] 
     ######## #### ########  ######## ########     ###     ######  ########
     ##        ##  ##     ## ##       ##     ##  ##   ##  ##       ##
     ######    ##  ########  ######   ########  #########  ######  ######
     ##        ##  ##    ##  ##       ##     ## ##     ##       ## ##
     ##       #### ##     ## ######## ########  ##     ##  ######  ########

You're about to initialize a Firebase project in this directory:

  D:\SoftwareProject\VSCodeFlutter\Mobile_Project\mobile_project

[debug] [2023-01-21T22:05:31.624Z] <<< [apiv2][status] GET https://firebase-public.firebaseio.com/cli.json 200
[debug] [2023-01-21T22:05:31.624Z] <<< [apiv2][body] GET https://firebase-public.firebaseio.com/cli.json {"cloudBuildErrorAfter":1594252800000,"cloudBuildWarnAfter":1590019200000,"defaultNode10After":1594252800000,"minVersion":"3.0.5","node8DeploysDisabledAfter":1613390400000,"node8RuntimeDisabledAfter":1615809600000,"node8WarnAfter":1600128000000}
[info] 
=== Project Setup
[info] 
[info] First, let's associate this project directory with a Firebase project.
[info] You can create multiple project aliases by running firebase use --add, 
[info] but for now we'll just set up a default project.
[info] 
[debug] [2023-01-21T22:07:07.122Z] > refreshing access token with scopes: []
[debug] [2023-01-21T22:07:07.123Z] >>> [apiv2][query] POST https://www.googleapis.com/oauth2/v3/token [none]
[debug] [2023-01-21T22:07:07.123Z] >>> [apiv2][body] POST https://www.googleapis.com/oauth2/v3/token [omitted]
[debug] [2023-01-21T22:07:07.382Z] <<< [apiv2][status] POST https://www.googleapis.com/oauth2/v3/token 200
[debug] [2023-01-21T22:07:07.382Z] <<< [apiv2][body] POST https://www.googleapis.com/oauth2/v3/token [omitted]
[debug] [2023-01-21T22:07:07.402Z] >>> [apiv2][query] GET https://firebase.googleapis.com/v1beta1/projects pageSize=100
[debug] [2023-01-21T22:07:07.972Z] <<< [apiv2][status] GET https://firebase.googleapis.com/v1beta1/projects 200
[debug] [2023-01-21T22:07:07.972Z] <<< [apiv2][body] GET https://firebase.googleapis.com/v1beta1/projects [omitted]
[info] i  Using project hastalikteshisi (hastalikteshisi) 
[info] 
=== Database Setup
[info] i  database: ensuring required API firebasedatabase.googleapis.com is enabled... 
[debug] [2023-01-21T22:07:11.490Z] >>> [apiv2][query] GET https://serviceusage.googleapis.com/v1/projects/hastalikteshisi/services/firebasedatabase.googleapis.com [none]
[debug] [2023-01-21T22:07:11.490Z] >>> [apiv2][(partial)header] GET https://serviceusage.googleapis.com/v1/projects/hastalikteshisi/services/firebasedatabase.googleapis.com x-goog-quota-user=projects/hastalikteshisi
[debug] [2023-01-21T22:07:12.675Z] <<< [apiv2][status] GET https://serviceusage.googleapis.com/v1/projects/hastalikteshisi/services/firebasedatabase.googleapis.com 200
[debug] [2023-01-21T22:07:12.675Z] <<< [apiv2][body] GET https://serviceusage.googleapis.com/v1/projects/hastalikteshisi/services/firebasedatabase.googleapis.com [omitted]
[warn] !  database: missing required API firebasedatabase.googleapis.com. Enabling now... 
[debug] [2023-01-21T22:07:12.676Z] >>> [apiv2][query] POST https://serviceusage.googleapis.com/v1/projects/hastalikteshisi/services/firebasedatabase.googleapis.com:enable [none]
[debug] [2023-01-21T22:07:12.676Z] >>> [apiv2][(partial)header] POST https://serviceusage.googleapis.com/v1/projects/hastalikteshisi/services/firebasedatabase.googleapis.com:enable x-goog-quota-user=projects/hastalikteshisi
[debug] [2023-01-21T22:07:14.296Z] <<< [apiv2][status] POST https://serviceusage.googleapis.com/v1/projects/hastalikteshisi/services/firebasedatabase.googleapis.com:enable 200
[debug] [2023-01-21T22:07:14.296Z] <<< [apiv2][body] POST https://serviceusage.googleapis.com/v1/projects/hastalikteshisi/services/firebasedatabase.googleapis.com:enable [omitted]
[debug] [2023-01-21T22:07:24.309Z] >>> [apiv2][query] GET https://serviceusage.googleapis.com/v1/projects/hastalikteshisi/services/firebasedatabase.googleapis.com [none]
[debug] [2023-01-21T22:07:24.309Z] >>> [apiv2][(partial)header] GET https://serviceusage.googleapis.com/v1/projects/hastalikteshisi/services/firebasedatabase.googleapis.com x-goog-quota-user=projects/hastalikteshisi
[debug] [2023-01-21T22:07:25.403Z] <<< [apiv2][status] GET https://serviceusage.googleapis.com/v1/projects/hastalikteshisi/services/firebasedatabase.googleapis.com 200
[debug] [2023-01-21T22:07:25.403Z] <<< [apiv2][body] GET https://serviceusage.googleapis.com/v1/projects/hastalikteshisi/services/firebasedatabase.googleapis.com [omitted]
[info] +  database: required API firebasedatabase.googleapis.com is enabled 
[info] 
[debug] [2023-01-21T22:07:25.406Z] >>> [apiv2][query] GET https://firebase.googleapis.com/v1beta1/projects/hastalikteshisi [none]
[debug] [2023-01-21T22:07:25.742Z] <<< [apiv2][status] GET https://firebase.googleapis.com/v1beta1/projects/hastalikteshisi 200
[debug] [2023-01-21T22:07:25.743Z] <<< [apiv2][body] GET https://firebase.googleapis.com/v1beta1/projects/hastalikteshisi {"projectId":"hastalikteshisi","projectNumber":"123382469156","displayName":"hastalikteshisi","name":"projects/hastalikteshisi","resources":{"hostingSite":"hastalikteshisi","storageBucket":"hastalikteshisi.appspot.com","locationId":"us-central"},"state":"ACTIVE","etag":"1_d38b11a6-2de1-4ff4-bbeb-9d18cff12dc2"}
[debug] [2023-01-21T22:07:38.224Z] >>> [apiv2][query] POST https://firebasedatabase.googleapis.com/v1beta/projects/hastalikteshisi/locations/us-central1/instances databaseId=hastalikteshisi-default-rtdb&validateOnly=true
[debug] [2023-01-21T22:07:38.224Z] >>> [apiv2][body] POST https://firebasedatabase.googleapis.com/v1beta/projects/hastalikteshisi/locations/us-central1/instances {"type":"default_database"}
[debug] [2023-01-21T22:07:39.111Z] <<< [apiv2][status] POST https://firebasedatabase.googleapis.com/v1beta/projects/hastalikteshisi/locations/us-central1/instances 200
[debug] [2023-01-21T22:07:39.111Z] <<< [apiv2][body] POST https://firebasedatabase.googleapis.com/v1beta/projects/hastalikteshisi/locations/us-central1/instances {"name":"projects/123382469156/locations/us-central1/instances/hastalikteshisi-default-rtdb","project":"projects/123382469156","databaseUrl":"https://hastalikteshisi-default-rtdb.firebaseio.com","type":"DEFAULT_DATABASE","state":"ACTIVE"}
[debug] [2023-01-21T22:07:39.112Z] >>> [apiv2][query] POST https://firebasedatabase.googleapis.com/v1beta/projects/hastalikteshisi/locations/us-central1/instances databaseId=hastalikteshisi-default-rtdb
[debug] [2023-01-21T22:07:39.112Z] >>> [apiv2][body] POST https://firebasedatabase.googleapis.com/v1beta/projects/hastalikteshisi/locations/us-central1/instances {"type":"default_database"}
[debug] [2023-01-21T22:07:39.879Z] <<< [apiv2][status] POST https://firebasedatabase.googleapis.com/v1beta/projects/hastalikteshisi/locations/us-central1/instances 200
[debug] [2023-01-21T22:07:39.879Z] <<< [apiv2][body] POST https://firebasedatabase.googleapis.com/v1beta/projects/hastalikteshisi/locations/us-central1/instances {"name":"projects/123382469156/locations/us-central1/instances/hastalikteshisi-default-rtdb","project":"projects/123382469156","databaseUrl":"https://hastalikteshisi-default-rtdb.firebaseio.com","type":"DEFAULT_DATABASE","state":"ACTIVE"}
[info] 
[info] Firebase Realtime Database Security Rules allow you to define how your data should be
[info] structured and when your data can be read from and written to.
[info] 
[debug] [2023-01-21T22:07:44.149Z] >>> [apiv2][query] GET https://hastalikteshisi-default-rtdb.firebaseio.com/.settings/rules.json [none]
[debug] [2023-01-21T22:07:44.990Z] <<< [apiv2][status] GET https://hastalikteshisi-default-rtdb.firebaseio.com/.settings/rules.json 200
[debug] [2023-01-21T22:07:44.990Z] <<< [apiv2][body] GET https://hastalikteshisi-default-rtdb.firebaseio.com/.settings/rules.json [stream]
[info] +  Database Rules for hastalikteshisi-default-rtdb have been written to database.rules.json. 
[info] Future modifications to database.rules.json will update Realtime Database Security Rules when you run
[info] firebase deploy.
[info] 
=== Firestore Setup
[debug] [2023-01-21T22:07:44.994Z] >>> [apiv2][query] GET https://serviceusage.googleapis.com/v1/projects/hastalikteshisi/services/firestore.googleapis.com [none]
[debug] [2023-01-21T22:07:44.994Z] >>> [apiv2][(partial)header] GET https://serviceusage.googleapis.com/v1/projects/hastalikteshisi/services/firestore.googleapis.com x-goog-quota-user=projects/hastalikteshisi
[debug] [2023-01-21T22:07:46.105Z] <<< [apiv2][status] GET https://serviceusage.googleapis.com/v1/projects/hastalikteshisi/services/firestore.googleapis.com 200
[debug] [2023-01-21T22:07:46.106Z] <<< [apiv2][body] GET https://serviceusage.googleapis.com/v1/projects/hastalikteshisi/services/firestore.googleapis.com [omitted]
[debug] [2023-01-21T22:07:46.106Z] >>> [apiv2][query] GET https://appengine.googleapis.com/v1/apps/hastalikteshisi [none]
[debug] [2023-01-21T22:07:46.728Z] <<< [apiv2][status] GET https://appengine.googleapis.com/v1/apps/hastalikteshisi 200
[debug] [2023-01-21T22:07:46.728Z] <<< [apiv2][body] GET https://appengine.googleapis.com/v1/apps/hastalikteshisi {"name":"apps/hastalikteshisi","id":"hastalikteshisi","authDomain":"gmail.com","locationId":"us-central","codeBucket":"staging.hastalikteshisi.appspot.com","servingStatus":"SERVING","defaultHostname":"hastalikteshisi.uc.r.appspot.com","defaultBucket":"hastalikteshisi.appspot.com","serviceAccount":"hastalikteshisi@appspot.gserviceaccount.com","gcrDomain":"us.gcr.io","databaseType":"CLOUD_FIRESTORE","featureSettings":{"splitHealthChecks":true,"useContainerOptimizedOs":true}}
[debug] [2023-01-21T22:07:46.728Z] database_type: CLOUD_FIRESTORE
[debug] [2023-01-21T22:07:46.729Z] > command requires scopes: ["email","openid","https://www.googleapis.com/auth/cloudplatformprojects.readonly","https://www.googleapis.com/auth/firebase","https://www.googleapis.com/auth/cloud-platform"]
[debug] [2023-01-21T22:07:46.729Z] > authorizing via signed-in user (alikcy015@gmail.com)
[debug] [2023-01-21T22:07:46.729Z] [iam] checking project hastalikteshisi for permissions ["firebase.projects.get"]
[debug] [2023-01-21T22:07:46.729Z] >>> [apiv2][query] POST https://cloudresourcemanager.googleapis.com/v1/projects/hastalikteshisi:testIamPermissions [none]
[debug] [2023-01-21T22:07:46.729Z] >>> [apiv2][(partial)header] POST https://cloudresourcemanager.googleapis.com/v1/projects/hastalikteshisi:testIamPermissions x-goog-quota-user=projects/hastalikteshisi
[debug] [2023-01-21T22:07:46.729Z] >>> [apiv2][body] POST https://cloudresourcemanager.googleapis.com/v1/projects/hastalikteshisi:testIamPermissions {"permissions":["firebase.projects.get"]}
[debug] [2023-01-21T22:07:47.749Z] <<< [apiv2][status] POST https://cloudresourcemanager.googleapis.com/v1/projects/hastalikteshisi:testIamPermissions 200
[debug] [2023-01-21T22:07:47.749Z] <<< [apiv2][body] POST https://cloudresourcemanager.googleapis.com/v1/projects/hastalikteshisi:testIamPermissions {"permissions":["firebase.projects.get"]}
[info] 
[info] Firestore Security Rules allow you to define how and when to allow
[info] requests. You can keep these rules in your project directory
[info] and publish them with firebase deploy.
[info] 
[debug] [2023-01-21T22:07:47.754Z] >>> [apiv2][query] GET https://firebaserules.googleapis.com/v1/projects/hastalikteshisi/releases pageSize=10&pageToken=
[debug] [2023-01-21T22:07:48.717Z] <<< [apiv2][status] GET https://firebaserules.googleapis.com/v1/projects/hastalikteshisi/releases 200
[debug] [2023-01-21T22:07:48.717Z] <<< [apiv2][body] GET https://firebaserules.googleapis.com/v1/projects/hastalikteshisi/releases {"releases":[{"name":"projects/hastalikteshisi/releases/cloud.firestore","rulesetName":"projects/hastalikteshisi/rulesets/697065dd-4d3d-4ef5-ba6f-b4db6ea06041","createTime":"2023-01-12T13:12:17.178528Z","updateTime":"2023-01-12T13:41:19.537121Z"},{"name":"projects/hastalikteshisi/releases/firebase.storage/hastalikteshisi.appspot.com","rulesetName":"projects/hastalikteshisi/rulesets/1ece140d-c09a-4b63-8412-148b8daedb63","createTime":"2023-01-21T14:44:46.881433Z","updateTime":"2023-01-21T14:44:46.881433Z"}]}
[debug] [2023-01-21T22:07:48.717Z] Found ruleset: projects/hastalikteshisi/rulesets/697065dd-4d3d-4ef5-ba6f-b4db6ea06041
[debug] [2023-01-21T22:07:48.718Z] >>> [apiv2][query] GET https://firebaserules.googleapis.com/v1/projects/hastalikteshisi/rulesets/697065dd-4d3d-4ef5-ba6f-b4db6ea06041 [none]
[debug] [2023-01-21T22:07:49.062Z] <<< [apiv2][status] GET https://firebaserules.googleapis.com/v1/projects/hastalikteshisi/rulesets/697065dd-4d3d-4ef5-ba6f-b4db6ea06041 200
[debug] [2023-01-21T22:07:49.062Z] <<< [apiv2][body] GET https://firebaserules.googleapis.com/v1/projects/hastalikteshisi/rulesets/697065dd-4d3d-4ef5-ba6f-b4db6ea06041 [omitted]
[info] 
[info] Firestore indexes allow you to perform complex queries while
[info] maintaining performance that scales with the size of the result
[info] set. You can keep index definitions in your project directory
[info] and publish them with firebase deploy.
[info] 
[debug] [2023-01-21T22:07:51.554Z] >>> [apiv2][query] GET https://firestore.googleapis.com/v1/projects/hastalikteshisi/databases/(default)/collectionGroups/-/indexes [none]
[debug] [2023-01-21T22:07:51.555Z] >>> [apiv2][query] GET https://firestore.googleapis.com/v1/projects/hastalikteshisi/databases/(default)/collectionGroups/-/fields?filter=indexConfig.usesAncestorConfig=false OR ttlConfig:* [none]
[debug] [2023-01-21T22:07:52.626Z] <<< [apiv2][status] GET https://firestore.googleapis.com/v1/projects/hastalikteshisi/databases/(default)/collectionGroups/-/fields?filter=indexConfig.usesAncestorConfig=false OR ttlConfig:* 200
[debug] [2023-01-21T22:07:52.626Z] <<< [apiv2][body] GET https://firestore.googleapis.com/v1/projects/hastalikteshisi/databases/(default)/collectionGroups/-/fields?filter=indexConfig.usesAncestorConfig=false OR ttlConfig:* {"fields":[{"name":"projects/hastalikteshisi/databases/(default)/collectionGroups/__default__/fields/*","indexConfig":{"indexes":[{"queryScope":"COLLECTION","fields":[{"fieldPath":"*","order":"ASCENDING"}],"state":"READY"},{"queryScope":"COLLECTION","fields":[{"fieldPath":"*","order":"DESCENDING"}],"state":"READY"},{"queryScope":"COLLECTION","fields":[{"fieldPath":"*","arrayConfig":"CONTAINS"}],"state":"READY"}]}}]}
[debug] [2023-01-21T22:07:52.628Z] <<< [apiv2][status] GET https://firestore.googleapis.com/v1/projects/hastalikteshisi/databases/(default)/collectionGroups/-/indexes 200
[debug] [2023-01-21T22:07:52.628Z] <<< [apiv2][body] GET https://firestore.googleapis.com/v1/projects/hastalikteshisi/databases/(default)/collectionGroups/-/indexes {}
[info] 
=== Functions Setup
[debug] [2023-01-21T22:07:52.629Z] > command requires scopes: ["email","openid","https://www.googleapis.com/auth/cloudplatformprojects.readonly","https://www.googleapis.com/auth/firebase","https://www.googleapis.com/auth/cloud-platform"]
[debug] [2023-01-21T22:07:52.630Z] > authorizing via signed-in user (alikcy015@gmail.com)
[debug] [2023-01-21T22:07:52.630Z] [iam] checking project hastalikteshisi for permissions ["firebase.projects.get"]
[debug] [2023-01-21T22:07:52.630Z] >>> [apiv2][query] POST https://cloudresourcemanager.googleapis.com/v1/projects/hastalikteshisi:testIamPermissions [none]
[debug] [2023-01-21T22:07:52.630Z] >>> [apiv2][(partial)header] POST https://cloudresourcemanager.googleapis.com/v1/projects/hastalikteshisi:testIamPermissions x-goog-quota-user=projects/hastalikteshisi
[debug] [2023-01-21T22:07:52.630Z] >>> [apiv2][body] POST https://cloudresourcemanager.googleapis.com/v1/projects/hastalikteshisi:testIamPermissions {"permissions":["firebase.projects.get"]}
[debug] [2023-01-21T22:07:53.567Z] <<< [apiv2][status] POST https://cloudresourcemanager.googleapis.com/v1/projects/hastalikteshisi:testIamPermissions 200
[debug] [2023-01-21T22:07:53.567Z] <<< [apiv2][body] POST https://cloudresourcemanager.googleapis.com/v1/projects/hastalikteshisi:testIamPermissions {"permissions":["firebase.projects.get"]}
[debug] [2023-01-21T22:07:53.567Z] >>> [apiv2][query] GET https://serviceusage.googleapis.com/v1/projects/hastalikteshisi/services/cloudfunctions.googleapis.com [none]
[debug] [2023-01-21T22:07:53.567Z] >>> [apiv2][(partial)header] GET https://serviceusage.googleapis.com/v1/projects/hastalikteshisi/services/cloudfunctions.googleapis.com x-goog-quota-user=projects/hastalikteshisi
[debug] [2023-01-21T22:07:53.568Z] >>> [apiv2][query] GET https://serviceusage.googleapis.com/v1/projects/hastalikteshisi/services/runtimeconfig.googleapis.com [none]
[debug] [2023-01-21T22:07:53.568Z] >>> [apiv2][(partial)header] GET https://serviceusage.googleapis.com/v1/projects/hastalikteshisi/services/runtimeconfig.googleapis.com x-goog-quota-user=projects/hastalikteshisi
[debug] [2023-01-21T22:07:54.696Z] <<< [apiv2][status] GET https://serviceusage.googleapis.com/v1/projects/hastalikteshisi/services/runtimeconfig.googleapis.com 200
[debug] [2023-01-21T22:07:54.696Z] <<< [apiv2][body] GET https://serviceusage.googleapis.com/v1/projects/hastalikteshisi/services/runtimeconfig.googleapis.com [omitted]
[debug] [2023-01-21T22:07:54.698Z] <<< [apiv2][status] GET https://serviceusage.googleapis.com/v1/projects/hastalikteshisi/services/cloudfunctions.googleapis.com 200
[debug] [2023-01-21T22:07:54.699Z] <<< [apiv2][body] GET https://serviceusage.googleapis.com/v1/projects/hastalikteshisi/services/cloudfunctions.googleapis.com [omitted]
[debug] [2023-01-21T22:07:54.699Z] >>> [apiv2][query] POST https://serviceusage.googleapis.com/v1/projects/hastalikteshisi/services/cloudfunctions.googleapis.com:enable [none]
[debug] [2023-01-21T22:07:54.699Z] >>> [apiv2][(partial)header] POST https://serviceusage.googleapis.com/v1/projects/hastalikteshisi/services/cloudfunctions.googleapis.com:enable x-goog-quota-user=projects/hastalikteshisi
[debug] [2023-01-21T22:07:56.433Z] <<< [apiv2][status] POST https://serviceusage.googleapis.com/v1/projects/hastalikteshisi/services/cloudfunctions.googleapis.com:enable 200
[debug] [2023-01-21T22:07:56.434Z] <<< [apiv2][body] POST https://serviceusage.googleapis.com/v1/projects/hastalikteshisi/services/cloudfunctions.googleapis.com:enable [omitted]
[debug] [2023-01-21T22:08:06.441Z] >>> [apiv2][query] GET https://serviceusage.googleapis.com/v1/projects/hastalikteshisi/services/cloudfunctions.googleapis.com [none]
[debug] [2023-01-21T22:08:06.441Z] >>> [apiv2][(partial)header] GET https://serviceusage.googleapis.com/v1/projects/hastalikteshisi/services/cloudfunctions.googleapis.com x-goog-quota-user=projects/hastalikteshisi
[debug] [2023-01-21T22:08:07.576Z] <<< [apiv2][status] GET https://serviceusage.googleapis.com/v1/projects/hastalikteshisi/services/cloudfunctions.googleapis.com 200
[debug] [2023-01-21T22:08:07.576Z] <<< [apiv2][body] GET https://serviceusage.googleapis.com/v1/projects/hastalikteshisi/services/cloudfunctions.googleapis.com [omitted]
[info] Let's create a new codebase for your functions.
[info] A directory corresponding to the codebase will be created in your project
[info] with sample code pre-configured.

[info] See https://firebase.google.com/docs/functions/organize-functions for
[info] more information on organizing your functions using codebases.

[info] Functions can be deployed with firebase deploy.

[info] +  Wrote functions/package.json 
[info] +  Wrote functions/.eslintrc.js 
[info] +  Wrote functions/index.js 
[info] +  Wrote functions/.gitignore 
[info] 
=== Hosting Setup
[info] 
[info] Your public directory is the folder (relative to your project directory) that
[info] will contain Hosting assets to be uploaded with firebase deploy. If you
[info] have a build process for your assets, use your build's output directory.
[info] 
[debug] [2023-01-21T22:09:49.855Z] >>> [apiv2][query] GET https://www.gstatic.com/firebasejs/releases.json [none]
[debug] [2023-01-21T22:09:50.024Z] <<< [apiv2][status] GET https://www.gstatic.com/firebasejs/releases.json 200
[debug] [2023-01-21T22:09:50.024Z] <<< [apiv2][body] GET https://www.gstatic.com/firebasejs/releases.json {"current":{"version":"9.16.0","browserURL":"https://www.gstatic.com/firebasejs/9.16.0/firebase.js","packageURL":"https://www.gstatic.com/firebasejs/9.16.0/firebase.tgz"},"live":{"version":"9.16","browserURL":"https://www.gstatic.com/firebasejs/live/9.16/firebase.js","packageURL":"https://www.gstatic.com/firebasejs/live/9.16/firebase.tgz"},"components":{"analytics":"https://www.gstatic.com/firebasejs/9.16.0/firebase-analytics.js","app":"https://www.gstatic.com/firebasejs/9.16.0/firebase-app.js","app-check":"https://www.gstatic.com/firebasejs/9.16.0/firebase-app-check.js","auth":"https://www.gstatic.com/firebasejs/9.16.0/firebase-auth.js","auth/cordova":"https://www.gstatic.com/firebasejs/9.16.0/firebase-auth/cordova.js","auth/react-native":"https://www.gstatic.com/firebasejs/9.16.0/firebase-auth/react-native.js","functions":"https://www.gstatic.com/firebasejs/9.16.0/firebase-functions.js","firestore":"https://www.gstatic.com/firebasejs/9.16.0/firebase-firestore.js","firestore/lite":"https://www.gstatic.com/firebasejs/9.16.0/firebase-firestore/lite.js","installations":"https://www.gstatic.com/firebasejs/9.16.0/firebase-installations.js","storage":"https://www.gstatic.com/firebasejs/9.16.0/firebase-storage.js","performance":"https://www.gstatic.com/firebasejs/9.16.0/firebase-performance.js","remote-config":"https://www.gstatic.com/firebasejs/9.16.0/firebase-remote-config.js","messaging":"https://www.gstatic.com/firebasejs/9.16.0/firebase-messaging.js","messaging/sw":"https://www.gstatic.com/firebasejs/9.16.0/firebase-messaging/sw.js","database":"https://www.gstatic.com/firebasejs/9.16.0/firebase-database.js","firestore.memory":"https://www.gstatic.com/firebasejs/9.16.0/firebase-firestore.memory.js"}}
[info] +  Wrote public/index.html 
[info] 
[info] i  Didn't detect a .git folder. Assuming D:\SoftwareProject\VSCodeFlutter\Mobile_Project\mobile_project is the project root. 
[info] i  Authorizing with GitHub to upload your service account to a GitHub repository's secrets store. 
[info] 
[info] Visit this URL on this device to log in:
[info] https://github.com/login/oauth/authorize?client_id=89cf50f02ac6aaed3484&state=858159520&redirect_uri=http%3A%2F%2Flocalhost%3A9005&scope=read%3Auser%20repo%20public_repo
[info] 
[info] Waiting for authentication...
